  JeuSDL.cpp
  main.cpp
  Gris_du_jeu.cpp
  Image.cpp
  Joueur.cpp
JeuSDL.obj : error LNK2001: unresolved external symbol SDL_RenderClear
JeuSDL.obj : error LNK2001: unresolved external symbol SDL_DestroyRenderer
JeuSDL.obj : error LNK2001: unresolved external symbol SDL_Init
JeuSDL.obj : error LNK2001: unresolved external symbol SDL_DestroyWindow
JeuSDL.obj : error LNK2001: unresolved external symbol SDL_Quit
JeuSDL.obj : error LNK2001: unresolved external symbol SDL_PollEvent
JeuSDL.obj : error LNK2001: unresolved external symbol SDL_CreateRenderer
JeuSDL.obj : error LNK2001: unresolved external symbol SDL_RenderPresent
JeuSDL.obj : error LNK2001: unresolved external symbol SDL_CreateWindow
JeuSDL.obj : error LNK2001: unresolved external symbol SDL_SetRenderDrawColor
Image.obj : error LNK2001: unresolved external symbol SDL_RenderCopy
Image.obj : error LNK2001: unresolved external symbol SDL_UpdateTexture
Image.obj : error LNK2001: unresolved external symbol SDL_ConvertSurfaceFormat
Image.obj : error LNK2001: unresolved external symbol IMG_Init
Image.obj : error LNK2001: unresolved external symbol SDL_FreeSurface
Image.obj : error LNK2001: unresolved external symbol IMG_Load
Image.obj : error LNK2001: unresolved external symbol SDL_CreateTextureFromSurface
MSVCRT.lib(exe_main.obj) : error LNK2001: unresolved external symbol main
C:\Users\Anas1\Desktop\ProjectTikTakToe\x64\Release\ProjectTikTakToe.exe : fatal error LNK1120: 18 unresolved externals
