c:\users\anas1\desktop\projecttiktaktoe\projecttiktaktoe\x64\debug\vc142.pdb
c:\users\anas1\desktop\projecttiktaktoe\projecttiktaktoe\x64\debug\vc142.idb
c:\users\anas1\desktop\projecttiktaktoe\projecttiktaktoe\x64\debug\joueur.obj
c:\users\anas1\desktop\projecttiktaktoe\projecttiktaktoe\x64\debug\image.obj
c:\users\anas1\desktop\projecttiktaktoe\projecttiktaktoe\x64\debug\gris_du_jeu.obj
c:\users\anas1\desktop\projecttiktaktoe\projecttiktaktoe\x64\debug\main.obj
c:\users\anas1\desktop\projecttiktaktoe\projecttiktaktoe\x64\debug\jeusdl.obj
c:\users\anas1\desktop\projecttiktaktoe\projecttiktaktoe\x64\debug\main.obj.enc
c:\users\anas1\desktop\projecttiktaktoe\x64\debug\projecttiktaktoe.pdb
c:\users\anas1\desktop\projecttiktaktoe\projecttiktaktoe\x64\debug\projecttiktaktoe.tlog\cl.command.1.tlog
c:\users\anas1\desktop\projecttiktaktoe\projecttiktaktoe\x64\debug\projecttiktaktoe.tlog\cl.read.1.tlog
c:\users\anas1\desktop\projecttiktaktoe\projecttiktaktoe\x64\debug\projecttiktaktoe.tlog\cl.write.1.tlog
c:\users\anas1\desktop\projecttiktaktoe\projecttiktaktoe\x64\debug\projecttiktaktoe.tlog\link-cvtres.read.1.tlog
c:\users\anas1\desktop\projecttiktaktoe\projecttiktaktoe\x64\debug\projecttiktaktoe.tlog\link-cvtres.write.1.tlog
c:\users\anas1\desktop\projecttiktaktoe\projecttiktaktoe\x64\debug\projecttiktaktoe.tlog\link-rc.read.1.tlog
c:\users\anas1\desktop\projecttiktaktoe\projecttiktaktoe\x64\debug\projecttiktaktoe.tlog\link-rc.write.1.tlog
c:\users\anas1\desktop\projecttiktaktoe\projecttiktaktoe\x64\debug\projecttiktaktoe.tlog\link.11236-cvtres.read.1.tlog
c:\users\anas1\desktop\projecttiktaktoe\projecttiktaktoe\x64\debug\projecttiktaktoe.tlog\link.11236-cvtres.write.1.tlog
c:\users\anas1\desktop\projecttiktaktoe\projecttiktaktoe\x64\debug\projecttiktaktoe.tlog\link.11236-rc.read.1.tlog
c:\users\anas1\desktop\projecttiktaktoe\projecttiktaktoe\x64\debug\projecttiktaktoe.tlog\link.11236-rc.write.1.tlog
c:\users\anas1\desktop\projecttiktaktoe\projecttiktaktoe\x64\debug\projecttiktaktoe.tlog\link.11236.read.1.tlog
c:\users\anas1\desktop\projecttiktaktoe\projecttiktaktoe\x64\debug\projecttiktaktoe.tlog\link.11236.write.1.tlog
c:\users\anas1\desktop\projecttiktaktoe\projecttiktaktoe\x64\debug\projecttiktaktoe.tlog\link.command.1.tlog
c:\users\anas1\desktop\projecttiktaktoe\projecttiktaktoe\x64\debug\projecttiktaktoe.tlog\link.read.1.tlog
c:\users\anas1\desktop\projecttiktaktoe\projecttiktaktoe\x64\debug\projecttiktaktoe.tlog\link.write.1.tlog
