  JeuSDL.cpp
  main.cpp
  Gris_du_jeu.cpp
  Image.cpp
  Joueur.cpp
  Generating Code...
C:\Users\Anas1\Desktop\ProjectTikTakToe\ProjectTikTakToe\src\Gris_du_jeu\Gris_du_jeu.cpp(31): warning C4715:  'Gris_du_jeu::YatilDesCasesLibres': not all control paths return a value
JeuSDL.obj : error LNK2019: unresolved external symbol SDL_CreateWindow referenced in function "public: void __cdecl JeuSDL::init(char const *,int,int,int,int,bool)" (?init@JeuSDL@@QEAAXPEBDHHHH_N@Z)
JeuSDL.obj : error LNK2019: unresolved external symbol SDL_DestroyWindow referenced in function "public: void __cdecl JeuSDL::clean(void)" (?clean@JeuSDL@@QEAAXXZ)
JeuSDL.obj : error LNK2019: unresolved external symbol SDL_PollEvent referenced in function "public: void __cdecl JeuSDL::handlevent(void)" (?handlevent@JeuSDL@@QEAAXXZ)
JeuSDL.obj : error LNK2019: unresolved external symbol SDL_CreateRenderer referenced in function "public: void __cdecl JeuSDL::init(char const *,int,int,int,int,bool)" (?init@JeuSDL@@QEAAXPEBDHHHH_N@Z)
JeuSDL.obj : error LNK2019: unresolved external symbol SDL_SetRenderDrawColor referenced in function "public: void __cdecl JeuSDL::init(char const *,int,int,int,int,bool)" (?init@JeuSDL@@QEAAXPEBDHHHH_N@Z)
JeuSDL.obj : error LNK2019: unresolved external symbol SDL_RenderClear referenced in function "public: void __cdecl JeuSDL::render(void)" (?render@JeuSDL@@QEAAXXZ)
JeuSDL.obj : error LNK2019: unresolved external symbol SDL_RenderPresent referenced in function "public: void __cdecl JeuSDL::render(void)" (?render@JeuSDL@@QEAAXXZ)
JeuSDL.obj : error LNK2019: unresolved external symbol SDL_DestroyRenderer referenced in function "public: void __cdecl JeuSDL::clean(void)" (?clean@JeuSDL@@QEAAXXZ)
JeuSDL.obj : error LNK2019: unresolved external symbol SDL_Init referenced in function "public: void __cdecl JeuSDL::init(char const *,int,int,int,int,bool)" (?init@JeuSDL@@QEAAXPEBDHHHH_N@Z)
JeuSDL.obj : error LNK2019: unresolved external symbol SDL_Quit referenced in function "public: void __cdecl JeuSDL::clean(void)" (?clean@JeuSDL@@QEAAXXZ)
Image.obj : error LNK2019: unresolved external symbol SDL_FreeSurface referenced in function "public: void __cdecl Image::loadFromFile(char const *,struct SDL_Renderer *)" (?loadFromFile@Image@@QEAAXPEBDPEAUSDL_Renderer@@@Z)
Image.obj : error LNK2019: unresolved external symbol SDL_ConvertSurfaceFormat referenced in function "public: void __cdecl Image::loadFromFile(char const *,struct SDL_Renderer *)" (?loadFromFile@Image@@QEAAXPEBDPEAUSDL_Renderer@@@Z)
Image.obj : error LNK2019: unresolved external symbol SDL_CreateTextureFromSurface referenced in function "public: void __cdecl Image::loadFromFile(char const *,struct SDL_Renderer *)" (?loadFromFile@Image@@QEAAXPEBDPEAUSDL_Renderer@@@Z)
Image.obj : error LNK2019: unresolved external symbol SDL_UpdateTexture referenced in function "public: void __cdecl Image::draw(struct SDL_Renderer *,int,int,int,int)" (?draw@Image@@QEAAXPEAUSDL_Renderer@@HHHH@Z)
Image.obj : error LNK2019: unresolved external symbol SDL_RenderCopy referenced in function "public: void __cdecl Image::draw(struct SDL_Renderer *,int,int,int,int)" (?draw@Image@@QEAAXPEAUSDL_Renderer@@HHHH@Z)
Image.obj : error LNK2019: unresolved external symbol IMG_Init referenced in function "public: __cdecl Image::Image(void)" (??0Image@@QEAA@XZ)
Image.obj : error LNK2019: unresolved external symbol IMG_Load referenced in function "public: void __cdecl Image::loadFromFile(char const *,struct SDL_Renderer *)" (?loadFromFile@Image@@QEAAXPEBDPEAUSDL_Renderer@@@Z)
MSVCRTD.lib(exe_main.obj) : error LNK2019: unresolved external symbol main referenced in function "int __cdecl invoke_main(void)" (?invoke_main@@YAHXZ)
C:\SDL2\lib\x86\SDL2.lib : warning LNK4272: library machine type 'x86' conflicts with target machine type 'x64'
C:\SDL2\lib\x86\SDL2main.lib : warning LNK4272: library machine type 'x86' conflicts with target machine type 'x64'
C:\SDL2\lib\x86\SDL2_image.lib : warning LNK4272: library machine type 'x86' conflicts with target machine type 'x64'
C:\Users\Anas1\Desktop\ProjectTikTakToe\x64\Debug\ProjectTikTakToe.exe : fatal error LNK1120: 18 unresolved externals
